<?xml version="1.0" encoding="UTF-8"?>
<!-- Generated by org.testng.reporters.JUnitXMLReporter -->
<testsuite hostname="LAPTOP-5SV0R4LA" ignored="0" name="All Functionalities" tests="3" failures="0" timestamp="2022-06-07T14:07:10 CDT" time="0.132" errors="0">
  <testcase name="@BeforeMethod setup" time="0.02" classname="scripts.Base">
    <failure type="java.lang.NullPointerException">
      <![CDATA[java.lang.NullPointerException
at utilities.Driver.getDriver(Driver.java:34)
at scripts.Base.setup(Base.java:26)
at java.util.ArrayList.forEach(ArrayList.java:1259)
... Removed 34 stack frames]]>
    </failure>
  </testcase> <!-- @BeforeMethod setup -->
  <testcase name="@AfterMethod teardown" time="-1.654628830271E9" classname="scripts.Base">
    <skipped/>
  </testcase> <!-- @AfterMethod teardown -->
  <testcase name="@BeforeMethod setup" time="-1.654628830275E9" classname="scripts.Base">
    <skipped/>
  </testcase> <!-- @BeforeMethod setup -->
  <testcase name="@AfterMethod teardown" time="-1.654628830275E9" classname="scripts.Base">
    <skipped/>
  </testcase> <!-- @AfterMethod teardown -->
  <testcase name="@BeforeMethod setup" time="-1.654628830276E9" classname="scripts.Base">
    <skipped/>
  </testcase> <!-- @BeforeMethod setup -->
  <testcase name="@AfterMethod teardown" time="-1.654628830277E9" classname="scripts.Base">
    <skipped/>
  </testcase> <!-- @AfterMethod teardown -->
  <testcase name="validateEmailAndPasswordForCars" time="0.0" classname="scripts.Project_02">
    <skipped/>
  </testcase> <!-- validateEmailAndPasswordForCars -->
  <testcase name="validateSocialMediaPage" time="0.0" classname="scripts.Project_02">
    <skipped/>
  </testcase> <!-- validateSocialMediaPage -->
  <testcase name="validateThatUserCannotLoginWithInvalidCredentials" time="0.0" classname="scripts.Project_02">
    <skipped/>
  </testcase> <!-- validateThatUserCannotLoginWithInvalidCredentials -->
</testsuite> <!-- All Functionalities -->
