-------------------------------------------------------------------------------
Test set: TestSuite
-------------------------------------------------------------------------------
Tests run: 9, Failures: 1, Errors: 0, Skipped: 8, Time elapsed: 0.961 sec <<< FAILURE! - in TestSuite
setup(scripts.Project_02)  Time elapsed: 0.726 sec  <<< FAILURE!
java.lang.NullPointerException

